<?xml version="1.0" encoding="UTF-8"?>
<!-- Generated by org.testng.reporters.JUnitReportReporter -->
<testsuite skipped="0" hostname="DESKTOP-N9AQS5S" name="pages.Loginpage" tests="1" failures="0" timestamp="22 May 2019 09:21:13 GMT" time="11.803" errors="0">
  <testcase name="test_InvalidLogIN" time="11.803" classname="pages.Loginpage"/>
</testsuite> <!-- pages.Loginpage -->
