<?xml version="1.0" encoding="UTF-8"?>
<!-- Generated by org.testng.reporters.JUnitReportReporter -->
<testsuite skipped="0" hostname="DESKTOP-N9AQS5S" name="pages.Loginpage" tests="1" failures="0" timestamp="27 May 2019 04:42:00 GMT" time="25.989" errors="0">
  <testcase name="RegistrationDealerPrincipal" time="25.989" classname="pages.Loginpage"/>
</testsuite> <!-- pages.Loginpage -->
